<?xml version="1.0" encoding="UTF-8"?>
<testng-results skipped="0" failed="0" ignored="0" total="1" passed="1">
  <reporter-output>
  </reporter-output>
  <suite name="Default suite" duration-ms="7404" started-at="2020-11-07T22:05:34Z" finished-at="2020-11-07T22:05:42Z">
    <groups>
    </groups>
    <test name="Default test" duration-ms="7404" started-at="2020-11-07T22:05:34Z" finished-at="2020-11-07T22:05:42Z">
      <class name="test.loginTest">
        <test-method status="PASS" signature="validUserShouldBeAbleToLogin()[pri:0, instance:test.loginTest@2a2d45ba]" name="validUserShouldBeAbleToLogin" duration-ms="7363" started-at="2020-11-07T22:05:34Z" finished-at="2020-11-07T22:05:42Z">
          <reporter-output>
          </reporter-output>
        </test-method> <!-- validUserShouldBeAbleToLogin -->
      </class> <!-- test.loginTest -->
    </test> <!-- Default test -->
  </suite> <!-- Default suite -->
</testng-results>
